<?xml version="1.0" encoding="UTF-8"?>
<testng-results ignored="0" total="2" passed="2" failed="0" skipped="0">
  <reporter-output>
  </reporter-output>
  <suite started-at="2025-05-16T15:24:26 GST" name="Suite" finished-at="2025-05-16T15:24:37 GST" duration-ms="11043">
    <groups>
      <group name="sanity">
        <method signature="TC02_SignIn.Invalidcred()[pri:1, instance:testCases.TC02_SignIn@327514f]" name="Invalidcred" class="testCases.TC02_SignIn"/>
        <method signature="TC02_SignIn.user_login()[pri:2, instance:testCases.TC02_SignIn@327514f]" name="user_login" class="testCases.TC02_SignIn"/>
      </group> <!-- sanity -->
    </groups>
    <test started-at="2025-05-16T15:24:26 GST" name="Test" finished-at="2025-05-16T15:24:37 GST" duration-ms="11043">
      <class name="testCases.TC02_SignIn">
        <test-method is-config="true" signature="setup()[pri:0, instance:testCases.TC02_SignIn@327514f]" started-at="2025-05-16T15:24:26 GST" name="setup" finished-at="2025-05-16T15:24:30 GST" duration-ms="3973" status="PASS">
          <reporter-output>
          </reporter-output>
        </test-method> <!-- setup -->
        <test-method signature="Invalidcred()[pri:1, instance:testCases.TC02_SignIn@327514f]" started-at="2025-05-16T15:24:30 GST" name="Invalidcred" finished-at="2025-05-16T15:24:33 GST" duration-ms="2501" status="PASS">
          <reporter-output>
          </reporter-output>
        </test-method> <!-- Invalidcred -->
        <test-method signature="user_login()[pri:2, instance:testCases.TC02_SignIn@327514f]" started-at="2025-05-16T15:24:33 GST" name="user_login" finished-at="2025-05-16T15:24:37 GST" duration-ms="4214" status="PASS">
          <reporter-output>
          </reporter-output>
        </test-method> <!-- user_login -->
        <test-method is-config="true" signature="tearDown()[pri:0, instance:testCases.TC02_SignIn@327514f]" started-at="2025-05-16T15:24:37 GST" name="tearDown" finished-at="2025-05-16T15:24:37 GST" duration-ms="130" status="PASS">
          <reporter-output>
          </reporter-output>
        </test-method> <!-- tearDown -->
      </class> <!-- testCases.TC02_SignIn -->
    </test> <!-- Test -->
  </suite> <!-- Suite -->
</testng-results>
